This is pdfTeX, Version 3.14159265-2.6-1.40.19 (TeX Live 2018) (preloaded format=pdflatex 2018.4.16)  1 JUL 2020 10:33
entering extended mode
 restricted \write18 enabled.
 %&-line parsing enabled.
**xoqoneb_expex.tex
(./xoqoneb_expex.tex
LaTeX2e <2018-04-01> patch level 2
Babel <3.18> and hyphenation patterns for 84 language(s) loaded.
(/usr/local/texlive/2018/texmf-dist/tex/latex/base/article.cls
Document Class: article 2014/09/29 v1.4h Standard LaTeX document class
(/usr/local/texlive/2018/texmf-dist/tex/latex/base/size12.clo
File: size12.clo 2014/09/29 v1.4h Standard LaTeX file (size option)
)
\c@part=\count80
\c@section=\count81
\c@subsection=\count82
\c@subsubsection=\count83
\c@paragraph=\count84
\c@subparagraph=\count85
\c@figure=\count86
\c@table=\count87
\abovecaptionskip=\skip41
\belowcaptionskip=\skip42
\bibindent=\dimen102
)
(/usr/local/texlive/2018/texmf-dist/tex/generic/expex/expex.sty
Package: expex 5/1/2017 v5.1b LaTex wrapper for expex.tex (JF)

(/usr/local/texlive/2018/texmf-dist/tex/latex/xkeyval/xkeyval.sty
Package: xkeyval 2014/12/03 v2.7a package option processing (HA)

(/usr/local/texlive/2018/texmf-dist/tex/generic/xkeyval/xkeyval.tex
(/usr/local/texlive/2018/texmf-dist/tex/generic/xkeyval/xkvutils.tex
\XKV@toks=\toks14
\XKV@tempa@toks=\toks15

(/usr/local/texlive/2018/texmf-dist/tex/generic/xkeyval/keyval.tex))
\XKV@depth=\count88
File: xkeyval.tex 2014/12/03 v2.7a key=value parser (HA)
))
(/usr/local/texlive/2018/texmf-dist/tex/generic/expex/expex.tex
File: expex.tex 5/25/2017 v5.1b ExPex linguistics example formatter (JF)
\ep@dima=\dimen103
\ep@dimb=\dimen104
\ep@dimc=\dimen105
\ep@cnta=\count89
\epc@b=\count90
\excnt=\count91
\numbox=\box26
\epd@numright=\dimen106
\pexcnt=\count92
\epd@labelleft=\dimen107
\epd@labelright=\dimen108
\epd@textleft=\dimen109
\epd@preambleleft=\dimen110
\epd@sampleexnowidth=\dimen111
\ep@everylabel=\toks16
\exnobox=\box27
\ling@tagsfile=\write3
\ling@tagsin=\read1
\glstrutbox=\box28
\ep@cascadeindent=\dimen112
\ep@hangindentamount=\dimen113
\ep@cascadecount=\count93
\gltoks@a=\toks17
\gltoks@b=\toks18
\glw@maxht=\dimen114
\glw@maxdp=\dimen115
\@itemtype=\count94
\gl@maxdplast=\dimen116
\gltoks@sofar=\toks19
\gltoks@every=\toks20
\gltoks@next=\toks21
\debug@glword=\box29
\@glaparsestate=\count95
\glwcascade@pshapeindent=\dimen117
\glwcascade@pshapelinewd=\dimen118
\ssleftwd=\dimen119
\ssrightwd=\dimen120
))
(./xoqoneb_expex.aux)
\openout1 = `xoqoneb_expex.aux'.

LaTeX Font Info:    Checking defaults for OML/cmm/m/it on input line 5.
LaTeX Font Info:    ... okay on input line 5.
LaTeX Font Info:    Checking defaults for T1/cmr/m/n on input line 5.
LaTeX Font Info:    ... okay on input line 5.
LaTeX Font Info:    Checking defaults for OT1/cmr/m/n on input line 5.
LaTeX Font Info:    ... okay on input line 5.
LaTeX Font Info:    Checking defaults for OMS/cmsy/m/n on input line 5.
LaTeX Font Info:    ... okay on input line 5.
LaTeX Font Info:    Checking defaults for OMX/cmex/m/n on input line 5.
LaTeX Font Info:    ... okay on input line 5.
LaTeX Font Info:    Checking defaults for U/cmr/m/n on input line 5.
LaTeX Font Info:    ... okay on input line 5.
 [1

{/usr/local/texlive/2018/texmf-var/fonts/map/pdftex/updmap/pdftex.map}] [2] [3]
LaTeX Font Info:    Try loading font information for OMS+cmr on input line 21.

(/usr/local/texlive/2018/texmf-dist/tex/latex/base/omscmr.fd
File: omscmr.fd 2014/09/29 v2.5h Standard LaTeX font definitions
)
LaTeX Font Info:    Font shape `OMS/cmr/m/it' in size <12> not available
(Font)              Font shape `OMS/cmsy/m/n' tried instead on input line 21.
 [4] [5] [6]
[7] [8] [9] [10] [11]
Overfull \hbox (11.17484pt too wide) in paragraph at lines 409--411
[][] [] [] [] [] [] 
 []

[12] [13] [14]
LaTeX Font Info:    Font shape `OMS/cmr/m/n' in size <12> not available
(Font)              Font shape `OMS/cmsy/m/n' tried instead on input line 549.
 [15] [16] [17] [18] [19] [20] [21] [22] (./xoqoneb_expex.aux) ) 
Here is how much of TeX's memory you used:
 1048 strings out of 492649
 13896 string characters out of 6129622
 87986 words of memory out of 5000000
 4992 multiletter control sequences out of 15000+600000
 4542 words of font info for 17 fonts, out of 8000000 for 9000
 1141 hyphenation exceptions out of 8191
 35i,7n,56p,5327b,252s stack positions out of 5000i,500n,10000p,200000b,80000s
</usr/local/tex
live/2018/texmf-dist/fonts/type1/public/amsfonts/cm/cmr12.pfb></usr/local/texli
ve/2018/texmf-dist/fonts/type1/public/amsfonts/cm/cmsy10.pfb></usr/local/texliv
e/2018/texmf-dist/fonts/type1/public/amsfonts/cm/cmti12.pfb>
Output written on xoqoneb_expex.pdf (22 pages, 80774 bytes).
PDF statistics:
 87 PDF objects out of 1000 (max. 8388607)
 59 compressed objects within 1 object stream
 0 named destinations out of 1000 (max. 500000)
 1 words of extra memory for PDF output out of 10000 (max. 10000000)

